objc[7714]: Class AXEmojiUtilities is implemented in both /Applications/Xcode.app/Contents/Developer/Platforms/iPhoneSimulator.platform/Developer/SDKs/iPhoneSimulator7.1.sdk/System/Library/PrivateFrameworks/AccessibilityUtilities.framework/AccessibilityUtilities and /Applications/Xcode.app/Contents/Developer/Platforms/iPhoneSimulator.platform/Developer/SDKs/iPhoneSimulator7.1.sdk/usr/lib/libAXSpeechManager.dylib. One of the two will be used. Which one is undefined.
2014-05-16 19:17:54.066 HelloWorld[7714:70b] Cannot find executable for CFBundle 0xa459ca0 </Applications/Xcode.app/Contents/Developer/Platforms/iPhoneSimulator.platform/Developer/SDKs/iPhoneSimulator7.1.sdk/System/Library/AccessibilityBundles/GeoServices.axbundle> (not loaded)
2014-05-16 19:17:54.075 HelloWorld[7714:70b] Cannot find executable for CFBundle 0xa27b570 </Applications/Xcode.app/Contents/Developer/Platforms/iPhoneSimulator.platform/Developer/SDKs/iPhoneSimulator7.1.sdk/System/Library/AccessibilityBundles/CertUIFramework.axbundle> (not loaded)
2014-05-16 19:17:54.143 HelloWorld[7714:70b] Multi-tasking -> Device: YES, App: YES
2014-05-16 19:17:55.213 HelloWorld[7714:70b] Resetting plugins due to page load.
2014-05-16 19:17:55.436 HelloWorld[7714:70b] Finished load of: file:///Users/florian/Library/Application%20Support/iPhone%20Simulator/7.1/Applications/FB433405-C799-4108-83C2-A93AEC907461/HelloWorld.app/www/index.html
Terminating in response to SpringBoard's termination.
objc[97586]: Class AXEmojiUtilities is implemented in both /Applications/Xcode.app/Contents/Developer/Platforms/iPhoneSimulator.platform/Developer/SDKs/iPhoneSimulator7.1.sdk/System/Library/PrivateFrameworks/AccessibilityUtilities.framework/AccessibilityUtilities and /Applications/Xcode.app/Contents/Developer/Platforms/iPhoneSimulator.platform/Developer/SDKs/iPhoneSimulator7.1.sdk/usr/lib/libAXSpeechManager.dylib. One of the two will be used. Which one is undefined.
2014-05-27 15:36:44.373 HelloWorld[97586:70b] Cannot find executable for CFBundle 0xa280790 </Applications/Xcode.app/Contents/Developer/Platforms/iPhoneSimulator.platform/Developer/SDKs/iPhoneSimulator7.1.sdk/System/Library/AccessibilityBundles/CertUIFramework.axbundle> (not loaded)
2014-05-27 15:36:44.390 HelloWorld[97586:70b] Cannot find executable for CFBundle 0xa470660 </Applications/Xcode.app/Contents/Developer/Platforms/iPhoneSimulator.platform/Developer/SDKs/iPhoneSimulator7.1.sdk/System/Library/AccessibilityBundles/GeoServices.axbundle> (not loaded)
2014-05-27 15:36:44.493 HelloWorld[97586:70b] Multi-tasking -> Device: YES, App: YES
2014-05-27 15:36:45.037 HelloWorld[97586:70b] Resetting plugins due to page load.
2014-05-27 15:36:45.132 HelloWorld[97586:70b] Finished load of: file:///Users/florian/Library/Application%20Support/iPhone%20Simulator/7.1/Applications/C8DAB4D7-69AD-4AE6-B340-85CC389E526F/HelloWorld.app/www/index.html
objc[98338]: Class AXEmojiUtilities is implemented in both /Applications/Xcode.app/Contents/Developer/Platforms/iPhoneSimulator.platform/Developer/SDKs/iPhoneSimulator7.1.sdk/System/Library/PrivateFrameworks/AccessibilityUtilities.framework/AccessibilityUtilities and /Applications/Xcode.app/Contents/Developer/Platforms/iPhoneSimulator.platform/Developer/SDKs/iPhoneSimulator7.1.sdk/usr/lib/libAXSpeechManager.dylib. One of the two will be used. Which one is undefined.
2014-05-27 18:58:24.046 HelloWorld[98338:70b] Cannot find executable for CFBundle 0xa52fbd0 </Applications/Xcode.app/Contents/Developer/Platforms/iPhoneSimulator.platform/Developer/SDKs/iPhoneSimulator7.1.sdk/System/Library/AccessibilityBundles/GeoServices.axbundle> (not loaded)
2014-05-27 18:58:24.069 HelloWorld[98338:70b] Cannot find executable for CFBundle 0xa42e0c0 </Applications/Xcode.app/Contents/Developer/Platforms/iPhoneSimulator.platform/Developer/SDKs/iPhoneSimulator7.1.sdk/System/Library/AccessibilityBundles/CertUIFramework.axbundle> (not loaded)
2014-05-27 18:58:24.183 HelloWorld[98338:70b] Multi-tasking -> Device: YES, App: YES
2014-05-27 18:58:24.463 HelloWorld[98338:70b] Resetting plugins due to page load.
2014-05-27 18:58:24.586 HelloWorld[98338:70b] Finished load of: file:///Users/florian/Library/Application%20Support/iPhone%20Simulator/7.1/Applications/C8DAB4D7-69AD-4AE6-B340-85CC389E526F/HelloWorld.app/www/index.html
objc[99023]: Class AXEmojiUtilities is implemented in both /Applications/Xcode.app/Contents/Developer/Platforms/iPhoneSimulator.platform/Developer/SDKs/iPhoneSimulator7.1.sdk/System/Library/PrivateFrameworks/AccessibilityUtilities.framework/AccessibilityUtilities and /Applications/Xcode.app/Contents/Developer/Platforms/iPhoneSimulator.platform/Developer/SDKs/iPhoneSimulator7.1.sdk/usr/lib/libAXSpeechManager.dylib. One of the two will be used. Which one is undefined.
2014-05-27 18:59:11.110 HelloWorld[99023:70b] Cannot find executable for CFBundle 0xa5bad30 </Applications/Xcode.app/Contents/Developer/Platforms/iPhoneSimulator.platform/Developer/SDKs/iPhoneSimulator7.1.sdk/System/Library/AccessibilityBundles/GeoServices.axbundle> (not loaded)
2014-05-27 18:59:11.121 HelloWorld[99023:70b] Cannot find executable for CFBundle 0xa5ceb60 </Applications/Xcode.app/Contents/Developer/Platforms/iPhoneSimulator.platform/Developer/SDKs/iPhoneSimulator7.1.sdk/System/Library/AccessibilityBundles/CertUIFramework.axbundle> (not loaded)
2014-05-27 18:59:11.273 HelloWorld[99023:70b] Multi-tasking -> Device: YES, App: YES
2014-05-27 18:59:11.861 HelloWorld[99023:70b] Resetting plugins due to page load.
2014-05-27 18:59:12.000 HelloWorld[99023:70b] Finished load of: file:///Users/florian/Library/Application%20Support/iPhone%20Simulator/7.1/Applications/484DF015-6FA3-483C-B456-67FDAB0D5638/HelloWorld.app/www/index.html
objc[99749]: Class AXEmojiUtilities is implemented in both /Applications/Xcode.app/Contents/Developer/Platforms/iPhoneSimulator.platform/Developer/SDKs/iPhoneSimulator7.1.sdk/System/Library/PrivateFrameworks/AccessibilityUtilities.framework/AccessibilityUtilities and /Applications/Xcode.app/Contents/Developer/Platforms/iPhoneSimulator.platform/Developer/SDKs/iPhoneSimulator7.1.sdk/usr/lib/libAXSpeechManager.dylib. One of the two will be used. Which one is undefined.
2014-05-27 19:02:53.489 HelloWorld[99749:70b] Cannot find executable for CFBundle 0xa482bc0 </Applications/Xcode.app/Contents/Developer/Platforms/iPhoneSimulator.platform/Developer/SDKs/iPhoneSimulator7.1.sdk/System/Library/AccessibilityBundles/GeoServices.axbundle> (not loaded)
2014-05-27 19:02:53.500 HelloWorld[99749:70b] Cannot find executable for CFBundle 0xa58b110 </Applications/Xcode.app/Contents/Developer/Platforms/iPhoneSimulator.platform/Developer/SDKs/iPhoneSimulator7.1.sdk/System/Library/AccessibilityBundles/CertUIFramework.axbundle> (not loaded)
2014-05-27 19:02:53.537 HelloWorld[99749:70b] Multi-tasking -> Device: YES, App: YES
2014-05-27 19:02:53.670 HelloWorld[99749:70b] Resetting plugins due to page load.
2014-05-27 19:02:54.161 HelloWorld[99749:70b] Finished load of: file:///Users/florian/Library/Application%20Support/iPhone%20Simulator/7.1/Applications/484DF015-6FA3-483C-B456-67FDAB0D5638/HelloWorld.app/www/index.html
objc[645]: Class AXEmojiUtilities is implemented in both /Applications/Xcode.app/Contents/Developer/Platforms/iPhoneSimulator.platform/Developer/SDKs/iPhoneSimulator7.1.sdk/System/Library/PrivateFrameworks/AccessibilityUtilities.framework/AccessibilityUtilities and /Applications/Xcode.app/Contents/Developer/Platforms/iPhoneSimulator.platform/Developer/SDKs/iPhoneSimulator7.1.sdk/usr/lib/libAXSpeechManager.dylib. One of the two will be used. Which one is undefined.
2014-05-27 19:05:15.802 HelloWorld[645:70b] Cannot find executable for CFBundle 0xa56d390 </Applications/Xcode.app/Contents/Developer/Platforms/iPhoneSimulator.platform/Developer/SDKs/iPhoneSimulator7.1.sdk/System/Library/AccessibilityBundles/CertUIFramework.axbundle> (not loaded)
2014-05-27 19:05:15.812 HelloWorld[645:70b] Cannot find executable for CFBundle 0xa58a120 </Applications/Xcode.app/Contents/Developer/Platforms/iPhoneSimulator.platform/Developer/SDKs/iPhoneSimulator7.1.sdk/System/Library/AccessibilityBundles/GeoServices.axbundle> (not loaded)
2014-05-27 19:05:15.870 HelloWorld[645:70b] Multi-tasking -> Device: YES, App: YES
2014-05-27 19:05:15.991 HelloWorld[645:70b] Resetting plugins due to page load.
2014-05-27 19:05:16.404 HelloWorld[645:70b] Finished load of: file:///Users/florian/Library/Application%20Support/iPhone%20Simulator/7.1/Applications/484DF015-6FA3-483C-B456-67FDAB0D5638/HelloWorld.app/www/index.html
objc[1353]: Class AXEmojiUtilities is implemented in both /Applications/Xcode.app/Contents/Developer/Platforms/iPhoneSimulator.platform/Developer/SDKs/iPhoneSimulator7.1.sdk/System/Library/PrivateFrameworks/AccessibilityUtilities.framework/AccessibilityUtilities and /Applications/Xcode.app/Contents/Developer/Platforms/iPhoneSimulator.platform/Developer/SDKs/iPhoneSimulator7.1.sdk/usr/lib/libAXSpeechManager.dylib. One of the two will be used. Which one is undefined.
2014-05-27 19:07:57.877 HelloWorld[1353:70b] Cannot find executable for CFBundle 0xa28b1f0 </Applications/Xcode.app/Contents/Developer/Platforms/iPhoneSimulator.platform/Developer/SDKs/iPhoneSimulator7.1.sdk/System/Library/AccessibilityBundles/CertUIFramework.axbundle> (not loaded)
2014-05-27 19:07:57.891 HelloWorld[1353:70b] Cannot find executable for CFBundle 0xa4b6ec0 </Applications/Xcode.app/Contents/Developer/Platforms/iPhoneSimulator.platform/Developer/SDKs/iPhoneSimulator7.1.sdk/System/Library/AccessibilityBundles/GeoServices.axbundle> (not loaded)
2014-05-27 19:07:57.953 HelloWorld[1353:70b] Multi-tasking -> Device: YES, App: YES
2014-05-27 19:07:58.087 HelloWorld[1353:70b] Resetting plugins due to page load.
2014-05-27 19:07:58.403 HelloWorld[1353:70b] Finished load of: file:///Users/florian/Library/Application%20Support/iPhone%20Simulator/7.1/Applications/484DF015-6FA3-483C-B456-67FDAB0D5638/HelloWorld.app/www/index.html
2014-05-27 19:08:29.233 HelloWorld[1353:70b] Resetting plugins due to page load.
2014-05-27 19:08:29.238 HelloWorld[1353:70b] Failed to load webpage with error: Frame load interrupted
2014-05-27 19:08:30.532 HelloWorld[1353:70b] Resetting plugins due to page load.
2014-05-27 19:08:30.535 HelloWorld[1353:70b] Failed to load webpage with error: Frame load interrupted
objc[2055]: Class AXEmojiUtilities is implemented in both /Applications/Xcode.app/Contents/Developer/Platforms/iPhoneSimulator.platform/Developer/SDKs/iPhoneSimulator7.1.sdk/System/Library/PrivateFrameworks/AccessibilityUtilities.framework/AccessibilityUtilities and /Applications/Xcode.app/Contents/Developer/Platforms/iPhoneSimulator.platform/Developer/SDKs/iPhoneSimulator7.1.sdk/usr/lib/libAXSpeechManager.dylib. One of the two will be used. Which one is undefined.
2014-05-27 19:13:14.172 HelloWorld[2055:70b] Cannot find executable for CFBundle 0xa554920 </Applications/Xcode.app/Contents/Developer/Platforms/iPhoneSimulator.platform/Developer/SDKs/iPhoneSimulator7.1.sdk/System/Library/AccessibilityBundles/GeoServices.axbundle> (not loaded)
2014-05-27 19:13:14.182 HelloWorld[2055:70b] Cannot find executable for CFBundle 0xa36f3d0 </Applications/Xcode.app/Contents/Developer/Platforms/iPhoneSimulator.platform/Developer/SDKs/iPhoneSimulator7.1.sdk/System/Library/AccessibilityBundles/CertUIFramework.axbundle> (not loaded)
2014-05-27 19:13:14.268 HelloWorld[2055:70b] Multi-tasking -> Device: YES, App: YES
2014-05-27 19:13:14.403 HelloWorld[2055:70b] Resetting plugins due to page load.
2014-05-27 19:13:14.821 HelloWorld[2055:70b] Finished load of: file:///Users/florian/Library/Application%20Support/iPhone%20Simulator/7.1/Applications/484DF015-6FA3-483C-B456-67FDAB0D5638/HelloWorld.app/www/index.html
objc[2757]: Class AXEmojiUtilities is implemented in both /Applications/Xcode.app/Contents/Developer/Platforms/iPhoneSimulator.platform/Developer/SDKs/iPhoneSimulator7.1.sdk/System/Library/PrivateFrameworks/AccessibilityUtilities.framework/AccessibilityUtilities and /Applications/Xcode.app/Contents/Developer/Platforms/iPhoneSimulator.platform/Developer/SDKs/iPhoneSimulator7.1.sdk/usr/lib/libAXSpeechManager.dylib. One of the two will be used. Which one is undefined.
2014-05-27 19:16:41.825 HelloWorld[2757:70b] Cannot find executable for CFBundle 0xa39ec70 </Applications/Xcode.app/Contents/Developer/Platforms/iPhoneSimulator.platform/Developer/SDKs/iPhoneSimulator7.1.sdk/System/Library/AccessibilityBundles/CertUIFramework.axbundle> (not loaded)
2014-05-27 19:16:41.837 HelloWorld[2757:70b] Cannot find executable for CFBundle 0xa26f8d0 </Applications/Xcode.app/Contents/Developer/Platforms/iPhoneSimulator.platform/Developer/SDKs/iPhoneSimulator7.1.sdk/System/Library/AccessibilityBundles/GeoServices.axbundle> (not loaded)
2014-05-27 19:16:41.877 HelloWorld[2757:70b] Multi-tasking -> Device: YES, App: YES
2014-05-27 19:16:42.015 HelloWorld[2757:70b] Resetting plugins due to page load.
2014-05-27 19:16:42.362 HelloWorld[2757:70b] Finished load of: file:///Users/florian/Library/Application%20Support/iPhone%20Simulator/7.1/Applications/484DF015-6FA3-483C-B456-67FDAB0D5638/HelloWorld.app/www/index.html
objc[3451]: Class AXEmojiUtilities is implemented in both /Applications/Xcode.app/Contents/Developer/Platforms/iPhoneSimulator.platform/Developer/SDKs/iPhoneSimulator7.1.sdk/System/Library/PrivateFrameworks/AccessibilityUtilities.framework/AccessibilityUtilities and /Applications/Xcode.app/Contents/Developer/Platforms/iPhoneSimulator.platform/Developer/SDKs/iPhoneSimulator7.1.sdk/usr/lib/libAXSpeechManager.dylib. One of the two will be used. Which one is undefined.
2014-05-27 19:19:02.741 HelloWorld[3451:70b] Cannot find executable for CFBundle 0xa47dd00 </Applications/Xcode.app/Contents/Developer/Platforms/iPhoneSimulator.platform/Developer/SDKs/iPhoneSimulator7.1.sdk/System/Library/AccessibilityBundles/CertUIFramework.axbundle> (not loaded)
2014-05-27 19:19:02.748 HelloWorld[3451:70b] Cannot find executable for CFBundle 0xa295d10 </Applications/Xcode.app/Contents/Developer/Platforms/iPhoneSimulator.platform/Developer/SDKs/iPhoneSimulator7.1.sdk/System/Library/AccessibilityBundles/GeoServices.axbundle> (not loaded)
2014-05-27 19:19:02.791 HelloWorld[3451:70b] Multi-tasking -> Device: YES, App: YES
2014-05-27 19:19:02.965 HelloWorld[3451:70b] Resetting plugins due to page load.
2014-05-27 19:19:03.403 HelloWorld[3451:70b] Finished load of: file:///Users/florian/Library/Application%20Support/iPhone%20Simulator/7.1/Applications/484DF015-6FA3-483C-B456-67FDAB0D5638/HelloWorld.app/www/index.html
objc[4148]: Class AXEmojiUtilities is implemented in both /Applications/Xcode.app/Contents/Developer/Platforms/iPhoneSimulator.platform/Developer/SDKs/iPhoneSimulator7.1.sdk/System/Library/PrivateFrameworks/AccessibilityUtilities.framework/AccessibilityUtilities and /Applications/Xcode.app/Contents/Developer/Platforms/iPhoneSimulator.platform/Developer/SDKs/iPhoneSimulator7.1.sdk/usr/lib/libAXSpeechManager.dylib. One of the two will be used. Which one is undefined.
2014-05-27 19:23:16.013 HelloWorld[4148:70b] Cannot find executable for CFBundle 0xa36c810 </Applications/Xcode.app/Contents/Developer/Platforms/iPhoneSimulator.platform/Developer/SDKs/iPhoneSimulator7.1.sdk/System/Library/AccessibilityBundles/CertUIFramework.axbundle> (not loaded)
2014-05-27 19:23:16.021 HelloWorld[4148:70b] Cannot find executable for CFBundle 0xa38a040 </Applications/Xcode.app/Contents/Developer/Platforms/iPhoneSimulator.platform/Developer/SDKs/iPhoneSimulator7.1.sdk/System/Library/AccessibilityBundles/GeoServices.axbundle> (not loaded)
2014-05-27 19:23:16.063 HelloWorld[4148:70b] Multi-tasking -> Device: YES, App: YES
2014-05-27 19:23:16.175 HelloWorld[4148:70b] Resetting plugins due to page load.
2014-05-27 19:23:16.775 HelloWorld[4148:70b] Finished load of: file:///Users/florian/Library/Application%20Support/iPhone%20Simulator/7.1/Applications/484DF015-6FA3-483C-B456-67FDAB0D5638/HelloWorld.app/www/index.html
objc[4838]: Class AXEmojiUtilities is implemented in both /Applications/Xcode.app/Contents/Developer/Platforms/iPhoneSimulator.platform/Developer/SDKs/iPhoneSimulator7.1.sdk/System/Library/PrivateFrameworks/AccessibilityUtilities.framework/AccessibilityUtilities and /Applications/Xcode.app/Contents/Developer/Platforms/iPhoneSimulator.platform/Developer/SDKs/iPhoneSimulator7.1.sdk/usr/lib/libAXSpeechManager.dylib. One of the two will be used. Which one is undefined.
2014-05-27 19:24:30.043 HelloWorld[4838:70b] Cannot find executable for CFBundle 0xa513f10 </Applications/Xcode.app/Contents/Developer/Platforms/iPhoneSimulator.platform/Developer/SDKs/iPhoneSimulator7.1.sdk/System/Library/AccessibilityBundles/CertUIFramework.axbundle> (not loaded)
2014-05-27 19:24:30.053 HelloWorld[4838:70b] Cannot find executable for CFBundle 0xa221e10 </Applications/Xcode.app/Contents/Developer/Platforms/iPhoneSimulator.platform/Developer/SDKs/iPhoneSimulator7.1.sdk/System/Library/AccessibilityBundles/GeoServices.axbundle> (not loaded)
2014-05-27 19:24:30.098 HelloWorld[4838:70b] Multi-tasking -> Device: YES, App: YES
2014-05-27 19:24:30.220 HelloWorld[4838:70b] Resetting plugins due to page load.
2014-05-27 19:24:30.670 HelloWorld[4838:70b] Finished load of: file:///Users/florian/Library/Application%20Support/iPhone%20Simulator/7.1/Applications/484DF015-6FA3-483C-B456-67FDAB0D5638/HelloWorld.app/www/index.html
objc[5529]: Class AXEmojiUtilities is implemented in both /Applications/Xcode.app/Contents/Developer/Platforms/iPhoneSimulator.platform/Developer/SDKs/iPhoneSimulator7.1.sdk/System/Library/PrivateFrameworks/AccessibilityUtilities.framework/AccessibilityUtilities and /Applications/Xcode.app/Contents/Developer/Platforms/iPhoneSimulator.platform/Developer/SDKs/iPhoneSimulator7.1.sdk/usr/lib/libAXSpeechManager.dylib. One of the two will be used. Which one is undefined.
2014-05-27 19:26:05.936 HelloWorld[5529:70b] Cannot find executable for CFBundle 0xa298af0 </Applications/Xcode.app/Contents/Developer/Platforms/iPhoneSimulator.platform/Developer/SDKs/iPhoneSimulator7.1.sdk/System/Library/AccessibilityBundles/CertUIFramework.axbundle> (not loaded)
2014-05-27 19:26:05.943 HelloWorld[5529:70b] Cannot find executable for CFBundle 0xa2b1b50 </Applications/Xcode.app/Contents/Developer/Platforms/iPhoneSimulator.platform/Developer/SDKs/iPhoneSimulator7.1.sdk/System/Library/AccessibilityBundles/GeoServices.axbundle> (not loaded)
2014-05-27 19:26:06.000 HelloWorld[5529:70b] Multi-tasking -> Device: YES, App: YES
2014-05-27 19:26:06.115 HelloWorld[5529:70b] Resetting plugins due to page load.
2014-05-27 19:26:06.446 HelloWorld[5529:70b] Finished load of: file:///Users/florian/Library/Application%20Support/iPhone%20Simulator/7.1/Applications/484DF015-6FA3-483C-B456-67FDAB0D5638/HelloWorld.app/www/index.html
objc[6228]: Class AXEmojiUtilities is implemented in both /Applications/Xcode.app/Contents/Developer/Platforms/iPhoneSimulator.platform/Developer/SDKs/iPhoneSimulator7.1.sdk/System/Library/PrivateFrameworks/AccessibilityUtilities.framework/AccessibilityUtilities and /Applications/Xcode.app/Contents/Developer/Platforms/iPhoneSimulator.platform/Developer/SDKs/iPhoneSimulator7.1.sdk/usr/lib/libAXSpeechManager.dylib. One of the two will be used. Which one is undefined.
2014-05-27 19:27:59.113 HelloWorld[6228:70b] Cannot find executable for CFBundle 0xa57bf90 </Applications/Xcode.app/Contents/Developer/Platforms/iPhoneSimulator.platform/Developer/SDKs/iPhoneSimulator7.1.sdk/System/Library/AccessibilityBundles/GeoServices.axbundle> (not loaded)
2014-05-27 19:27:59.124 HelloWorld[6228:70b] Cannot find executable for CFBundle 0xa59b440 </Applications/Xcode.app/Contents/Developer/Platforms/iPhoneSimulator.platform/Developer/SDKs/iPhoneSimulator7.1.sdk/System/Library/AccessibilityBundles/CertUIFramework.axbundle> (not loaded)
2014-05-27 19:27:59.178 HelloWorld[6228:70b] Multi-tasking -> Device: YES, App: YES
2014-05-27 19:27:59.317 HelloWorld[6228:70b] Resetting plugins due to page load.
2014-05-27 19:27:59.707 HelloWorld[6228:70b] Finished load of: file:///Users/florian/Library/Application%20Support/iPhone%20Simulator/7.1/Applications/484DF015-6FA3-483C-B456-67FDAB0D5638/HelloWorld.app/www/index.html
objc[6924]: Class AXEmojiUtilities is implemented in both /Applications/Xcode.app/Contents/Developer/Platforms/iPhoneSimulator.platform/Developer/SDKs/iPhoneSimulator7.1.sdk/System/Library/PrivateFrameworks/AccessibilityUtilities.framework/AccessibilityUtilities and /Applications/Xcode.app/Contents/Developer/Platforms/iPhoneSimulator.platform/Developer/SDKs/iPhoneSimulator7.1.sdk/usr/lib/libAXSpeechManager.dylib. One of the two will be used. Which one is undefined.
2014-05-27 19:31:21.706 HelloWorld[6924:70b] Cannot find executable for CFBundle 0xa3b53d0 </Applications/Xcode.app/Contents/Developer/Platforms/iPhoneSimulator.platform/Developer/SDKs/iPhoneSimulator7.1.sdk/System/Library/AccessibilityBundles/CertUIFramework.axbundle> (not loaded)
2014-05-27 19:31:21.712 HelloWorld[6924:70b] Cannot find executable for CFBundle 0xa45f4d0 </Applications/Xcode.app/Contents/Developer/Platforms/iPhoneSimulator.platform/Developer/SDKs/iPhoneSimulator7.1.sdk/System/Library/AccessibilityBundles/GeoServices.axbundle> (not loaded)
2014-05-27 19:31:21.748 HelloWorld[6924:70b] Multi-tasking -> Device: YES, App: YES
2014-05-27 19:31:21.861 HelloWorld[6924:70b] Resetting plugins due to page load.
2014-05-27 19:31:22.411 HelloWorld[6924:70b] Finished load of: file:///Users/florian/Library/Application%20Support/iPhone%20Simulator/7.1/Applications/484DF015-6FA3-483C-B456-67FDAB0D5638/HelloWorld.app/www/index.html
objc[7609]: Class AXEmojiUtilities is implemented in both /Applications/Xcode.app/Contents/Developer/Platforms/iPhoneSimulator.platform/Developer/SDKs/iPhoneSimulator7.1.sdk/System/Library/PrivateFrameworks/AccessibilityUtilities.framework/AccessibilityUtilities and /Applications/Xcode.app/Contents/Developer/Platforms/iPhoneSimulator.platform/Developer/SDKs/iPhoneSimulator7.1.sdk/usr/lib/libAXSpeechManager.dylib. One of the two will be used. Which one is undefined.
2014-05-27 19:32:21.730 HelloWorld[7609:70b] Cannot find executable for CFBundle 0xa3250b0 </Applications/Xcode.app/Contents/Developer/Platforms/iPhoneSimulator.platform/Developer/SDKs/iPhoneSimulator7.1.sdk/System/Library/AccessibilityBundles/GeoServices.axbundle> (not loaded)
2014-05-27 19:32:21.761 HelloWorld[7609:70b] Cannot find executable for CFBundle 0xa237000 </Applications/Xcode.app/Contents/Developer/Platforms/iPhoneSimulator.platform/Developer/SDKs/iPhoneSimulator7.1.sdk/System/Library/AccessibilityBundles/CertUIFramework.axbundle> (not loaded)
2014-05-27 19:32:21.834 HelloWorld[7609:70b] Multi-tasking -> Device: YES, App: YES
2014-05-27 19:32:21.949 HelloWorld[7609:70b] Resetting plugins due to page load.
2014-05-27 19:32:22.390 HelloWorld[7609:70b] Finished load of: file:///Users/florian/Library/Application%20Support/iPhone%20Simulator/7.1/Applications/484DF015-6FA3-483C-B456-67FDAB0D5638/HelloWorld.app/www/index.html
2014-05-27 19:34:13.736 HelloWorld[7609:70b] Resetting plugins due to page load.
2014-05-27 19:34:13.744 HelloWorld[7609:70b] Failed to load webpage with error: Frame load interrupted
2014-05-27 19:34:15.004 HelloWorld[7609:70b] Resetting plugins due to page load.
2014-05-27 19:34:15.006 HelloWorld[7609:70b] Failed to load webpage with error: Frame load interrupted
objc[8301]: Class AXEmojiUtilities is implemented in both /Applications/Xcode.app/Contents/Developer/Platforms/iPhoneSimulator.platform/Developer/SDKs/iPhoneSimulator7.1.sdk/System/Library/PrivateFrameworks/AccessibilityUtilities.framework/AccessibilityUtilities and /Applications/Xcode.app/Contents/Developer/Platforms/iPhoneSimulator.platform/Developer/SDKs/iPhoneSimulator7.1.sdk/usr/lib/libAXSpeechManager.dylib. One of the two will be used. Which one is undefined.
2014-05-27 19:35:06.705 HelloWorld[8301:70b] Cannot find executable for CFBundle 0xa4568b0 </Applications/Xcode.app/Contents/Developer/Platforms/iPhoneSimulator.platform/Developer/SDKs/iPhoneSimulator7.1.sdk/System/Library/AccessibilityBundles/GeoServices.axbundle> (not loaded)
2014-05-27 19:35:06.715 HelloWorld[8301:70b] Cannot find executable for CFBundle 0xa262590 </Applications/Xcode.app/Contents/Developer/Platforms/iPhoneSimulator.platform/Developer/SDKs/iPhoneSimulator7.1.sdk/System/Library/AccessibilityBundles/CertUIFramework.axbundle> (not loaded)
2014-05-27 19:35:06.774 HelloWorld[8301:70b] Multi-tasking -> Device: YES, App: YES
2014-05-27 19:35:06.910 HelloWorld[8301:70b] Resetting plugins due to page load.
2014-05-27 19:35:07.240 HelloWorld[8301:70b] Finished load of: file:///Users/florian/Library/Application%20Support/iPhone%20Simulator/7.1/Applications/484DF015-6FA3-483C-B456-67FDAB0D5638/HelloWorld.app/www/index.html
objc[8997]: Class AXEmojiUtilities is implemented in both /Applications/Xcode.app/Contents/Developer/Platforms/iPhoneSimulator.platform/Developer/SDKs/iPhoneSimulator7.1.sdk/System/Library/PrivateFrameworks/AccessibilityUtilities.framework/AccessibilityUtilities and /Applications/Xcode.app/Contents/Developer/Platforms/iPhoneSimulator.platform/Developer/SDKs/iPhoneSimulator7.1.sdk/usr/lib/libAXSpeechManager.dylib. One of the two will be used. Which one is undefined.
2014-05-27 19:38:57.249 HelloWorld[8997:70b] Cannot find executable for CFBundle 0xa49ef70 </Applications/Xcode.app/Contents/Developer/Platforms/iPhoneSimulator.platform/Developer/SDKs/iPhoneSimulator7.1.sdk/System/Library/AccessibilityBundles/CertUIFramework.axbundle> (not loaded)
2014-05-27 19:38:57.258 HelloWorld[8997:70b] Cannot find executable for CFBundle 0xa59f810 </Applications/Xcode.app/Contents/Developer/Platforms/iPhoneSimulator.platform/Developer/SDKs/iPhoneSimulator7.1.sdk/System/Library/AccessibilityBundles/GeoServices.axbundle> (not loaded)
2014-05-27 19:38:57.306 HelloWorld[8997:70b] Multi-tasking -> Device: YES, App: YES
2014-05-27 19:38:57.431 HelloWorld[8997:70b] Resetting plugins due to page load.
2014-05-27 19:38:57.791 HelloWorld[8997:70b] Finished load of: file:///Users/florian/Library/Application%20Support/iPhone%20Simulator/7.1/Applications/484DF015-6FA3-483C-B456-67FDAB0D5638/HelloWorld.app/www/index.html
objc[9684]: Class AXEmojiUtilities is implemented in both /Applications/Xcode.app/Contents/Developer/Platforms/iPhoneSimulator.platform/Developer/SDKs/iPhoneSimulator7.1.sdk/System/Library/PrivateFrameworks/AccessibilityUtilities.framework/AccessibilityUtilities and /Applications/Xcode.app/Contents/Developer/Platforms/iPhoneSimulator.platform/Developer/SDKs/iPhoneSimulator7.1.sdk/usr/lib/libAXSpeechManager.dylib. One of the two will be used. Which one is undefined.
2014-05-27 19:39:39.488 HelloWorld[9684:70b] Cannot find executable for CFBundle 0xa47bd60 </Applications/Xcode.app/Contents/Developer/Platforms/iPhoneSimulator.platform/Developer/SDKs/iPhoneSimulator7.1.sdk/System/Library/AccessibilityBundles/CertUIFramework.axbundle> (not loaded)
2014-05-27 19:39:39.498 HelloWorld[9684:70b] Cannot find executable for CFBundle 0xa57cbf0 </Applications/Xcode.app/Contents/Developer/Platforms/iPhoneSimulator.platform/Developer/SDKs/iPhoneSimulator7.1.sdk/System/Library/AccessibilityBundles/GeoServices.axbundle> (not loaded)
2014-05-27 19:39:39.545 HelloWorld[9684:70b] Multi-tasking -> Device: YES, App: YES
2014-05-27 19:39:39.668 HelloWorld[9684:70b] Resetting plugins due to page load.
2014-05-27 19:39:39.999 HelloWorld[9684:70b] Finished load of: file:///Users/florian/Library/Application%20Support/iPhone%20Simulator/7.1/Applications/484DF015-6FA3-483C-B456-67FDAB0D5638/HelloWorld.app/www/index.html
